# JRE version: OpenJDK Runtime Environment (21.0.8) (build 21.0.8+-14196175-b1038.72)
# Java VM: OpenJDK 64-Bit Server VM (21.0.8+-14196175-b1038.72, mixed mode, tiered, compressed oops, compressed class ptrs, g1 gc, windows-amd64)
GC Precious Log:
 CardTable entry size: 512
 Card Set container configuration: InlinePtr #cards 4 size 8 Array Of Cards #cards 16 size 48 Howl #buckets 8 coarsen threshold 3686 Howl Bitmap #cards 512 size 80 coarsen threshold 460 Card regions per heap region 1 cards per card region 4096
 CPUs: 8 total, 8 available
 Memory: 16126M
 Large Page Support: Disabled
 NUMA Support: Disabled
 Compressed Oops: Enabled (Zero based)
 Heap Region Size: 2M
 Heap Min Capacity: 8M
 Heap Initial Capacity: 252M
 Heap Max Capacity: 4032M
 Pre-touch: Disabled
 Parallel Workers: 8
 Concurrent Workers: 2
 Concurrent Refinement Workers: 8
 Periodic GC: Disabled
Heap:
 garbage-first heap   total 184320K, used 114145K [0x0000000704000000, 0x0000000800000000)
  region size 2048K, 12 young (24576K), 3 survivors (6144K)
 Metaspace       used 86598K, committed 86976K, reserved 1179648K
  class space    used 9372K, committed 9536K, reserved 1048576K
GC Heap History (20 events):
Event: 1.959 GC heap before
{Heap before GC invocations=5 (full 0):
 garbage-first heap   total 47104K, used 33542K [0x0000000704000000, 0x0000000800000000)
  region size 2048K, 9 young (18432K), 1 survivors (2048K)
 Metaspace       used 33990K, committed 34240K, reserved 1114112K
  class space    used 4223K, committed 4352K, reserved 1048576K
}
Event: 1.962 GC heap after
{Heap after GC invocations=6 (full 0):
 garbage-first heap   total 47104K, used 17455K [0x0000000704000000, 0x0000000800000000)
  region size 2048K, 2 young (4096K), 2 survivors (4096K)
 Metaspace       used 33990K, committed 34240K, reserved 1114112K
  class space    used 4223K, committed 4352K, reserved 1048576K
}
Event: 2.089 GC heap before
{Heap before GC invocations=6 (full 0):
 garbage-first heap   total 47104K, used 23599K [0x0000000704000000, 0x0000000800000000)
  region size 2048K, 7 young (14336K), 2 survivors (4096K)
 Metaspace       used 35725K, committed 35968K, reserved 1114112K
  class space    used 4428K, committed 4544K, reserved 1048576K
}
Event: 2.093 GC heap after
{Heap after GC invocations=7 (full 0):
 garbage-first heap   total 47104K, used 18848K [0x0000000704000000, 0x0000000800000000)
  region size 2048K, 2 young (4096K), 2 survivors (4096K)
 Metaspace       used 35725K, committed 35968K, reserved 1114112K
  class space    used 4428K, committed 4544K, reserved 1048576K
}
Event: 2.292 GC heap before
{Heap before GC invocations=8 (full 0):
 garbage-first heap   total 47104K, used 33184K [0x0000000704000000, 0x0000000800000000)
  region size 2048K, 10 young (20480K), 2 survivors (4096K)
 Metaspace       used 39754K, committed 40000K, reserved 1114112K
  class space    used 4832K, committed 4928K, reserved 1048576K
}
Event: 2.297 GC heap after
{Heap after GC invocations=9 (full 0):
 garbage-first heap   total 153600K, used 19430K [0x0000000704000000, 0x0000000800000000)
  region size 2048K, 2 young (4096K), 2 survivors (4096K)
 Metaspace       used 39754K, committed 40000K, reserved 1114112K
  class space    used 4832K, committed 4928K, reserved 1048576K
}
Event: 3.550 GC heap before
{Heap before GC invocations=9 (full 0):
 garbage-first heap   total 153600K, used 105446K [0x0000000704000000, 0x0000000800000000)
  region size 2048K, 45 young (92160K), 2 survivors (4096K)
 Metaspace       used 49840K, committed 50112K, reserved 1114112K
  class space    used 5856K, committed 5952K, reserved 1048576K
}
Event: 3.573 GC heap after
{Heap after GC invocations=10 (full 0):
 garbage-first heap   total 153600K, used 39540K [0x0000000704000000, 0x0000000800000000)
  region size 2048K, 6 young (12288K), 6 survivors (12288K)
 Metaspace       used 49840K, committed 50112K, reserved 1114112K
  class space    used 5856K, committed 5952K, reserved 1048576K
}
Event: 4.653 GC heap before
{Heap before GC invocations=10 (full 0):
 garbage-first heap   total 153600K, used 100980K [0x0000000704000000, 0x0000000800000000)
  region size 2048K, 36 young (73728K), 6 survivors (12288K)
 Metaspace       used 54869K, committed 55232K, reserved 1114112K
  class space    used 6431K, committed 6592K, reserved 1048576K
}
Event: 4.676 GC heap after
{Heap after GC invocations=11 (full 0):
 garbage-first heap   total 153600K, used 53248K [0x0000000704000000, 0x0000000800000000)
  region size 2048K, 5 young (10240K), 5 survivors (10240K)
 Metaspace       used 54869K, committed 55232K, reserved 1114112K
  class space    used 6431K, committed 6592K, reserved 1048576K
}
Event: 5.594 GC heap before
{Heap before GC invocations=11 (full 0):
 garbage-first heap   total 153600K, used 108544K [0x0000000704000000, 0x0000000800000000)
  region size 2048K, 32 young (65536K), 5 survivors (10240K)
 Metaspace       used 59716K, committed 60032K, reserved 1114112K
  class space    used 6932K, committed 7104K, reserved 1048576K
}
Event: 5.611 GC heap after
{Heap after GC invocations=12 (full 0):
 garbage-first heap   total 153600K, used 62464K [0x0000000704000000, 0x0000000800000000)
  region size 2048K, 4 young (8192K), 4 survivors (8192K)
 Metaspace       used 59716K, committed 60032K, reserved 1114112K
  class space    used 6932K, committed 7104K, reserved 1048576K
}
Event: 5.728 GC heap before
{Heap before GC invocations=12 (full 0):
 garbage-first heap   total 153600K, used 68608K [0x0000000704000000, 0x0000000800000000)
  region size 2048K, 8 young (16384K), 4 survivors (8192K)
 Metaspace       used 59983K, committed 60288K, reserved 1114112K
  class space    used 6942K, committed 7104K, reserved 1048576K
}
Event: 5.735 GC heap after
{Heap after GC invocations=13 (full 0):
 garbage-first heap   total 184320K, used 64649K [0x0000000704000000, 0x0000000800000000)
  region size 2048K, 1 young (2048K), 1 survivors (2048K)
 Metaspace       used 59983K, committed 60288K, reserved 1114112K
  class space    used 6942K, committed 7104K, reserved 1048576K
}
Event: 6.958 GC heap before
{Heap before GC invocations=14 (full 0):
 garbage-first heap   total 184320K, used 144521K [0x0000000704000000, 0x0000000800000000)
  region size 2048K, 40 young (81920K), 1 survivors (2048K)
 Metaspace       used 67495K, committed 67840K, reserved 1114112K
  class space    used 7644K, committed 7808K, reserved 1048576K
}
Event: 6.976 GC heap after
{Heap after GC invocations=15 (full 0):
 garbage-first heap   total 184320K, used 79872K [0x0000000704000000, 0x0000000800000000)
  region size 2048K, 5 young (10240K), 5 survivors (10240K)
 Metaspace       used 67495K, committed 67840K, reserved 1114112K
  class space    used 7644K, committed 7808K, reserved 1048576K
}
Event: 8.153 GC heap before
{Heap before GC invocations=15 (full 0):
 garbage-first heap   total 184320K, used 149504K [0x0000000704000000, 0x0000000800000000)
  region size 2048K, 39 young (79872K), 5 survivors (10240K)
 Metaspace       used 72276K, committed 72576K, reserved 1114112K
  class space    used 8058K, committed 8192K, reserved 1048576K
}
Event: 8.177 GC heap after
{Heap after GC invocations=16 (full 0):
 garbage-first heap   total 184320K, used 91419K [0x0000000704000000, 0x0000000800000000)
  region size 2048K, 5 young (10240K), 5 survivors (10240K)
 Metaspace       used 72276K, committed 72576K, reserved 1114112K
  class space    used 8058K, committed 8192K, reserved 1048576K
}
Event: 10.686 GC heap before
{Heap before GC invocations=16 (full 0):
 garbage-first heap   total 184320K, used 152859K [0x0000000704000000, 0x0000000800000000)
  region size 2048K, 35 young (71680K), 5 survivors (10240K)
 Metaspace       used 84095K, committed 84480K, reserved 1179648K
  class space    used 9139K, committed 9344K, reserved 1048576K
}
Event: 10.699 GC heap after
{Heap after GC invocations=17 (full 0):
 garbage-first heap   total 184320K, used 97761K [0x0000000704000000, 0x0000000800000000)
  region size 2048K, 3 young (6144K), 3 survivors (6144K)
 Metaspace       used 84095K, committed 84480K, reserved 1179648K
  class space    used 9139K, committed 9344K, reserved 1048576K
}

